<?xml version="1.0" encoding="UTF-8"?>
<testsuite xmlns:xsi="http://www.w3.org/2001/XMLSchema-instance" xsi:noNamespaceSchemaLocation="https://maven.apache.org/surefire/maven-surefire-plugin/xsd/surefire-test-report-3.0.xsd" version="3.0" name="com.projeto.Financas.FinancasApplicationTests" time="4.98" tests="1" errors="0" skipped="0" failures="0">
  <properties>
[...]
</properties>
  <testcase name="contextLoads" classname="com.projeto.Financas.FinancasApplicationTests" time="0.474">
    <system-out><![CDATA[11:42:33.598 [main] INFO org.springframework.test.context.support.AnnotationConfigContextLoaderUtils -- Could not detect default configuration classes for test class [com.projeto.Financas.FinancasApplicationTests]: FinancasApplicationTests does not declare any static, non-private, non-final, nested classes annotated with @Configuration.
11:42:33.685 [main] INFO org.springframework.boot.test.context.SpringBootTestContextBootstrapper -- Found @SpringBootConfiguration com.projeto.Financas.FinancasApplication for test class com.projeto.Financas.FinancasApplicationTests

  .   ____          _            __ _ _
 /\\ / ___'_ __ _ _(_)_ __  __ _ \ \ \ \
( ( )\___ | '_ | '_| | '_ \/ _` | \ \ \ \
 \\/  ___)| |_)| | | | | || (_| |  ) ) ) )
  '  |____| .__|_| |_|_| |_\__, | / / / /
 =========|_|==============|___/=/_/_/_/
 :: Spring Boot ::                (v3.1.0)

2023-06-18T11:42:34.121-03:00  INFO 10580 --- [           main] c.p.Financas.FinancasApplicationTests    : Starting FinancasApplicationTests using Java 20.0.1 with PID 10580 (started by JOAO in C:\Users\joao_\Financas)
2023-06-18T11:42:34.123-03:00  INFO 10580 --- [           main] c.p.Financas.FinancasApplicationTests    : No active profile set, falling back to 1 default profile: "default"
2023-06-18T11:42:34.746-03:00  INFO 10580 --- [           main] .s.d.r.c.RepositoryConfigurationDelegate : Bootstrapping Spring Data JPA repositories in DEFAULT mode.
2023-06-18T11:42:34.803-03:00  INFO 10580 --- [           main] .s.d.r.c.RepositoryConfigurationDelegate : Finished Spring Data repository scanning in 50 ms. Found 4 JPA repository interfaces.
2023-06-18T11:42:35.268-03:00  INFO 10580 --- [           main] o.f.c.internal.license.VersionPrinter    : Flyway Community Edition 9.16.3 by Redgate
2023-06-18T11:42:35.268-03:00  INFO 10580 --- [           main] o.f.c.internal.license.VersionPrinter    : See release notes here: https://rd.gt/416ObMi
2023-06-18T11:42:35.268-03:00  INFO 10580 --- [           main] o.f.c.internal.license.VersionPrinter    : 
2023-06-18T11:42:35.280-03:00  INFO 10580 --- [           main] com.zaxxer.hikari.HikariDataSource       : HikariPool-1 - Starting...
2023-06-18T11:42:35.648-03:00  INFO 10580 --- [           main] com.zaxxer.hikari.pool.HikariPool        : HikariPool-1 - Added connection com.mysql.cj.jdbc.ConnectionImpl@3c88191b
2023-06-18T11:42:35.650-03:00  INFO 10580 --- [           main] com.zaxxer.hikari.HikariDataSource       : HikariPool-1 - Start completed.
2023-06-18T11:42:35.704-03:00  INFO 10580 --- [           main] o.f.c.i.database.base.BaseDatabaseType   : Database: jdbc:mysql://localhost:3306/financeiro (MySQL 8.0)
2023-06-18T11:42:35.746-03:00  INFO 10580 --- [           main] o.f.core.internal.command.DbValidate     : Successfully validated 7 migrations (execution time 00:00.023s)
2023-06-18T11:42:35.760-03:00  INFO 10580 --- [           main] o.f.core.internal.command.DbMigrate      : Current version of schema `financeiro`: 7
2023-06-18T11:42:35.760-03:00  INFO 10580 --- [           main] o.f.core.internal.command.DbMigrate      : Schema `financeiro` is up to date. No migration necessary.
2023-06-18T11:42:35.862-03:00  INFO 10580 --- [           main] o.hibernate.jpa.internal.util.LogHelper  : HHH000204: Processing PersistenceUnitInfo [name: default]
2023-06-18T11:42:35.924-03:00  INFO 10580 --- [           main] org.hibernate.Version                    : HHH000412: Hibernate ORM core version 6.2.2.Final
2023-06-18T11:42:35.927-03:00  INFO 10580 --- [           main] org.hibernate.cfg.Environment            : HHH000406: Using bytecode reflection optimizer
2023-06-18T11:42:36.077-03:00  INFO 10580 --- [           main] o.h.b.i.BytecodeProviderInitiator        : HHH000021: Bytecode provider name : bytebuddy
2023-06-18T11:42:36.206-03:00  INFO 10580 --- [           main] o.s.o.j.p.SpringPersistenceUnitInfo      : No LoadTimeWeaver setup: ignoring JPA class transformer
2023-06-18T11:42:36.258-03:00  INFO 10580 --- [           main] org.hibernate.orm.dialect                : HHH035001: Using dialect: org.hibernate.dialect.MySQLDialect, version: 8.0.27
2023-06-18T11:42:36.497-03:00  INFO 10580 --- [           main] o.h.b.i.BytecodeProviderInitiator        : HHH000021: Bytecode provider name : bytebuddy
2023-06-18T11:42:37.107-03:00  INFO 10580 --- [           main] o.h.e.t.j.p.i.JtaPlatformInitiator       : HHH000490: Using JtaPlatform implementation: [org.hibernate.engine.transaction.jta.platform.internal.NoJtaPlatform]
2023-06-18T11:42:37.109-03:00  INFO 10580 --- [           main] j.LocalContainerEntityManagerFactoryBean : Initialized JPA EntityManagerFactory for persistence unit 'default'
2023-06-18T11:42:37.119-03:00  INFO 10580 --- [           main] f.a.AutowiredAnnotationBeanPostProcessor : Autowired annotation is not supported on static fields: private static com.projeto.Financas.repository.PessoaRepository com.projeto.Financas.controller.PessoaController.pessoaRepository
2023-06-18T11:42:37.420-03:00  INFO 10580 --- [           main] o.s.d.j.r.query.QueryEnhancerFactory     : Hibernate is in classpath; If applicable, HQL parser will be used.
2023-06-18T11:42:37.456-03:00  INFO 10580 --- [           main] f.a.AutowiredAnnotationBeanPostProcessor : Autowired annotation is not supported on static fields: private static com.projeto.Financas.repository.PessoaRepository com.projeto.Financas.services.PessoaService.pessoaRepository
2023-06-18T11:42:37.456-03:00  INFO 10580 --- [           main] f.a.AutowiredAnnotationBeanPostProcessor : Autowired annotation is not supported on static fields: private static com.projeto.Financas.repository.UsuarioRepository com.projeto.Financas.services.PessoaService.usuarioRepository
2023-06-18T11:42:37.501-03:00  INFO 10580 --- [           main] f.a.AutowiredAnnotationBeanPostProcessor : Autowired annotation is not supported on static fields: private static com.projeto.Financas.repository.UsuarioRepository com.projeto.Financas.services.UsuarioService.usuarioRepository
2023-06-18T11:42:37.626-03:00  WARN 10580 --- [           main] JpaBaseConfiguration$JpaWebConfiguration : spring.jpa.open-in-view is enabled by default. Therefore, database queries may be performed during view rendering. Explicitly configure spring.jpa.open-in-view to disable this warning
2023-06-18T11:42:37.950-03:00  INFO 10580 --- [           main] c.p.Financas.FinancasApplicationTests    : Started FinancasApplicationTests in 4.125 seconds (process running for 5.011)
]]></system-out>
  </testcase>
</testsuite>